# JRE version: Java(TM) SE Runtime Environment (8.0_191-b12) (build 1.8.0_191-b12)
# Java VM: Java HotSpot(TM) 64-Bit Server VM (25.191-b12 mixed mode linux-amd64 compressed oops)
Heap:
 PSYoungGen      total 28160K, used 22993K [0x00000000e0f80000, 0x00000000e2e80000, 0x0000000100000000)
  eden space 24576K, 93% used [0x00000000e0f80000,0x00000000e25f46e8,0x00000000e2780000)
  from space 3584K, 0% used [0x00000000e2b00000,0x00000000e2b00000,0x00000000e2e80000)
  to   space 3584K, 0% used [0x00000000e2780000,0x00000000e2780000,0x00000000e2b00000)
 ParOldGen       total 64512K, used 839K [0x00000000a2e00000, 0x00000000a6d00000, 0x00000000e0f80000)
  object space 64512K, 1% used [0x00000000a2e00000,0x00000000a2ed1e38,0x00000000a6d00000)
 Metaspace       used 5498K, capacity 5644K, committed 5888K, reserved 1056768K
  class space    used 611K, capacity 702K, committed 768K, reserved 1048576K
GC Heap History (10 events):
Event: 46329.883 GC heap before
{Heap before GC invocations=86536 (full 43268):
 PSYoungGen      total 28160K, used 32K [0x00000000e0f80000, 0x00000000e2e80000, 0x0000000100000000)
  eden space 24576K, 0% used [0x00000000e0f80000,0x00000000e0f80000,0x00000000e2780000)
  from space 3584K, 0% used [0x00000000e2b00000,0x00000000e2b08000,0x00000000e2e80000)
  to   space 3584K, 0% used [0x00000000e2780000,0x00000000e2780000,0x00000000e2b00000)
 ParOldGen       total 64512K, used 823K [0x00000000a2e00000, 0x00000000a6d00000, 0x00000000e0f80000)
  object space 64512K, 1% used [0x00000000a2e00000,0x00000000a2ecdd68,0x00000000a6d00000)
 Metaspace       used 5429K, capacity 5596K, committed 5888K, reserved 1056768K
  class space    used 607K, capacity 694K, committed 768K, reserved 1048576K
Event: 46329.888 GC heap after
Heap after GC invocations=86536 (full 43268):
 PSYoungGen      total 28160K, used 0K [0x00000000e0f80000, 0x00000000e2e80000, 0x0000000100000000)
  eden space 24576K, 0% used [0x00000000e0f80000,0x00000000e0f80000,0x00000000e2780000)
  from space 3584K, 0% used [0x00000000e2b00000,0x00000000e2b00000,0x00000000e2e80000)
  to   space 3584K, 0% used [0x00000000e2780000,0x00000000e2780000,0x00000000e2b00000)
 ParOldGen       total 64512K, used 823K [0x00000000a2e00000, 0x00000000a6d00000, 0x00000000e0f80000)
  object space 64512K, 1% used [0x00000000a2e00000,0x00000000a2ecdc88,0x00000000a6d00000)
 Metaspace       used 5429K, capacity 5596K, committed 5888K, reserved 1056768K
  class space    used 607K, capacity 694K, committed 768K, reserved 1048576K
}
Event: 46332.003 GC heap before
{Heap before GC invocations=86537 (full 43268):
 PSYoungGen      total 28160K, used 1474K [0x00000000e0f80000, 0x00000000e2e80000, 0x0000000100000000)
  eden space 24576K, 6% used [0x00000000e0f80000,0x00000000e10f0a88,0x00000000e2780000)
  from space 3584K, 0% used [0x00000000e2b00000,0x00000000e2b00000,0x00000000e2e80000)
  to   space 3584K, 0% used [0x00000000e2780000,0x00000000e2780000,0x00000000e2b00000)
 ParOldGen       total 64512K, used 823K [0x00000000a2e00000, 0x00000000a6d00000, 0x00000000e0f80000)
  object space 64512K, 1% used [0x00000000a2e00000,0x00000000a2ecdc88,0x00000000a6d00000)
 Metaspace       used 5435K, capacity 5602K, committed 5888K, reserved 1056768K
  class space    used 607K, capacity 695K, committed 768K, reserved 1048576K
Event: 46332.043 GC heap after
Heap after GC invocations=86537 (full 43268):
 PSYoungGen      total 28160K, used 64K [0x00000000e0f80000, 0x00000000e2e80000, 0x0000000100000000)
  eden space 24576K, 0% used [0x00000000e0f80000,0x00000000e0f80000,0x00000000e2780000)
  from space 3584K, 1% used [0x00000000e2780000,0x00000000e2790000,0x00000000e2b00000)
  to   space 3584K, 0% used [0x00000000e2b00000,0x00000000e2b00000,0x00000000e2e80000)
 ParOldGen       total 64512K, used 823K [0x00000000a2e00000, 0x00000000a6d00000, 0x00000000e0f80000)
  object space 64512K, 1% used [0x00000000a2e00000,0x00000000a2ecdc88,0x00000000a6d00000)
 Metaspace       used 5435K, capacity 5602K, committed 5888K, reserved 1056768K
  class space    used 607K, capacity 695K, committed 768K, reserved 1048576K
}
Event: 46332.043 GC heap before
{Heap before GC invocations=86538 (full 43269):
 PSYoungGen      total 28160K, used 64K [0x00000000e0f80000, 0x00000000e2e80000, 0x0000000100000000)
  eden space 24576K, 0% used [0x00000000e0f80000,0x00000000e0f80000,0x00000000e2780000)
  from space 3584K, 1% used [0x00000000e2780000,0x00000000e2790000,0x00000000e2b00000)
  to   space 3584K, 0% used [0x00000000e2b00000,0x00000000e2b00000,0x00000000e2e80000)
 ParOldGen       total 64512K, used 823K [0x00000000a2e00000, 0x00000000a6d00000, 0x00000000e0f80000)
  object space 64512K, 1% used [0x00000000a2e00000,0x00000000a2ecdc88,0x00000000a6d00000)
 Metaspace       used 5435K, capacity 5602K, committed 5888K, reserved 1056768K
  class space    used 607K, capacity 695K, committed 768K, reserved 1048576K
Event: 46332.085 GC heap after
Heap after GC invocations=86538 (full 43269):
 PSYoungGen      total 28160K, used 0K [0x00000000e0f80000, 0x00000000e2e80000, 0x0000000100000000)
  eden space 24576K, 0% used [0x00000000e0f80000,0x00000000e0f80000,0x00000000e2780000)
  from space 3584K, 0% used [0x00000000e2780000,0x00000000e2780000,0x00000000e2b00000)
  to   space 3584K, 0% used [0x00000000e2b00000,0x00000000e2b00000,0x00000000e2e80000)
 ParOldGen       total 64512K, used 839K [0x00000000a2e00000, 0x00000000a6d00000, 0x00000000e0f80000)
  object space 64512K, 1% used [0x00000000a2e00000,0x00000000a2ed1db0,0x00000000a6d00000)
 Metaspace       used 5435K, capacity 5602K, committed 5888K, reserved 1056768K
  class space    used 607K, capacity 695K, committed 768K, reserved 1048576K
}
Event: 46332.086 GC heap before
{Heap before GC invocations=86539 (full 43269):
 PSYoungGen      total 28160K, used 983K [0x00000000e0f80000, 0x00000000e2e80000, 0x0000000100000000)
  eden space 24576K, 4% used [0x00000000e0f80000,0x00000000e1075c50,0x00000000e2780000)
  from space 3584K, 0% used [0x00000000e2780000,0x00000000e2780000,0x00000000e2b00000)
  to   space 3584K, 0% used [0x00000000e2b00000,0x00000000e2b00000,0x00000000e2e80000)
 ParOldGen       total 64512K, used 839K [0x00000000a2e00000, 0x00000000a6d00000, 0x00000000e0f80000)
  object space 64512K, 1% used [0x00000000a2e00000,0x00000000a2ed1db0,0x00000000a6d00000)
 Metaspace       used 5435K, capacity 5602K, committed 5888K, reserved 1056768K
  class space    used 607K, capacity 695K, committed 768K, reserved 1048576K
Event: 46332.091 GC heap after
Heap after GC invocations=86539 (full 43269):
 PSYoungGen      total 28160K, used 64K [0x00000000e0f80000, 0x00000000e2e80000, 0x0000000100000000)
  eden space 24576K, 0% used [0x00000000e0f80000,0x00000000e0f80000,0x00000000e2780000)
  from space 3584K, 1% used [0x00000000e2b00000,0x00000000e2b10000,0x00000000e2e80000)
  to   space 3584K, 0% used [0x00000000e2780000,0x00000000e2780000,0x00000000e2b00000)
 ParOldGen       total 64512K, used 839K [0x00000000a2e00000, 0x00000000a6d00000, 0x00000000e0f80000)
  object space 64512K, 1% used [0x00000000a2e00000,0x00000000a2ed1db0,0x00000000a6d00000)
 Metaspace       used 5435K, capacity 5602K, committed 5888K, reserved 1056768K
  class space    used 607K, capacity 695K, committed 768K, reserved 1048576K
}
Event: 46332.091 GC heap before
{Heap before GC invocations=86540 (full 43270):
 PSYoungGen      total 28160K, used 64K [0x00000000e0f80000, 0x00000000e2e80000, 0x0000000100000000)
  eden space 24576K, 0% used [0x00000000e0f80000,0x00000000e0f80000,0x00000000e2780000)
  from space 3584K, 1% used [0x00000000e2b00000,0x00000000e2b10000,0x00000000e2e80000)
  to   space 3584K, 0% used [0x00000000e2780000,0x00000000e2780000,0x00000000e2b00000)
 ParOldGen       total 64512K, used 839K [0x00000000a2e00000, 0x00000000a6d00000, 0x00000000e0f80000)
  object space 64512K, 1% used [0x00000000a2e00000,0x00000000a2ed1db0,0x00000000a6d00000)
 Metaspace       used 5435K, capacity 5602K, committed 5888K, reserved 1056768K
  class space    used 607K, capacity 695K, committed 768K, reserved 1048576K
Event: 46332.171 GC heap after
Heap after GC invocations=86540 (full 43270):
 PSYoungGen      total 28160K, used 0K [0x00000000e0f80000, 0x00000000e2e80000, 0x0000000100000000)
  eden space 24576K, 0% used [0x00000000e0f80000,0x00000000e0f80000,0x00000000e2780000)
  from space 3584K, 0% used [0x00000000e2b00000,0x00000000e2b00000,0x00000000e2e80000)
  to   space 3584K, 0% used [0x00000000e2780000,0x00000000e2780000,0x00000000e2b00000)
 ParOldGen       total 64512K, used 839K [0x00000000a2e00000, 0x00000000a6d00000, 0x00000000e0f80000)
  object space 64512K, 1% used [0x00000000a2e00000,0x00000000a2ed1e38,0x00000000a6d00000)
 Metaspace       used 5435K, capacity 5602K, committed 5888K, reserved 1056768K
  class space    used 607K, capacity 695K, committed 768K, reserved 1048576K
}

