# JRE version: Java(TM) SE Runtime Environment (8.0_191-b12) (build 1.8.0_191-b12)
# Java VM: Java HotSpot(TM) 64-Bit Server VM (25.191-b12 mixed mode linux-amd64 compressed oops)
Heap:
 PSYoungGen      total 28160K, used 23275K [0x00000000e0f80000, 0x00000000e2e80000, 0x0000000100000000)
  eden space 24576K, 94% used [0x00000000e0f80000,0x00000000e263afb0,0x00000000e2780000)
  from space 3584K, 0% used [0x00000000e2b00000,0x00000000e2b00000,0x00000000e2e80000)
  to   space 3584K, 0% used [0x00000000e2780000,0x00000000e2780000,0x00000000e2b00000)
 ParOldGen       total 64512K, used 49995K [0x00000000a2e00000, 0x00000000a6d00000, 0x00000000e0f80000)
  object space 64512K, 77% used [0x00000000a2e00000,0x00000000a5ed2ce8,0x00000000a6d00000)
 Metaspace       used 5549K, capacity 5708K, committed 5888K, reserved 1056768K
  class space    used 616K, capacity 702K, committed 768K, reserved 1048576K
GC Heap History (10 events):
Event: 27670.987 GC heap before
{Heap before GC invocations=52172 (full 26086):
 PSYoungGen      total 28160K, used 32K [0x00000000e0f80000, 0x00000000e2e80000, 0x0000000100000000)
  eden space 24576K, 0% used [0x00000000e0f80000,0x00000000e0f80000,0x00000000e2780000)
  from space 3584K, 0% used [0x00000000e2b00000,0x00000000e2b08000,0x00000000e2e80000)
  to   space 3584K, 0% used [0x00000000e2780000,0x00000000e2780000,0x00000000e2b00000)
 ParOldGen       total 64512K, used 824K [0x00000000a2e00000, 0x00000000a6d00000, 0x00000000e0f80000)
  object space 64512K, 1% used [0x00000000a2e00000,0x00000000a2ece3d0,0x00000000a6d00000)
 Metaspace       used 5476K, capacity 5660K, committed 5888K, reserved 1056768K
  class space    used 611K, capacity 694K, committed 768K, reserved 1048576K
Event: 27670.992 GC heap after
Heap after GC invocations=52172 (full 26086):
 PSYoungGen      total 28160K, used 0K [0x00000000e0f80000, 0x00000000e2e80000, 0x0000000100000000)
  eden space 24576K, 0% used [0x00000000e0f80000,0x00000000e0f80000,0x00000000e2780000)
  from space 3584K, 0% used [0x00000000e2b00000,0x00000000e2b00000,0x00000000e2e80000)
  to   space 3584K, 0% used [0x00000000e2780000,0x00000000e2780000,0x00000000e2b00000)
 ParOldGen       total 64512K, used 824K [0x00000000a2e00000, 0x00000000a6d00000, 0x00000000e0f80000)
  object space 64512K, 1% used [0x00000000a2e00000,0x00000000a2ece2f0,0x00000000a6d00000)
 Metaspace       used 5476K, capacity 5660K, committed 5888K, reserved 1056768K
  class space    used 611K, capacity 694K, committed 768K, reserved 1048576K
}
Event: 27673.095 GC heap before
{Heap before GC invocations=52173 (full 26086):
 PSYoungGen      total 28160K, used 17602K [0x00000000e0f80000, 0x00000000e2e80000, 0x0000000100000000)
  eden space 24576K, 71% used [0x00000000e0f80000,0x00000000e20b0ae8,0x00000000e2780000)
  from space 3584K, 0% used [0x00000000e2b00000,0x00000000e2b00000,0x00000000e2e80000)
  to   space 3584K, 0% used [0x00000000e2780000,0x00000000e2780000,0x00000000e2b00000)
 ParOldGen       total 64512K, used 17208K [0x00000000a2e00000, 0x00000000a6d00000, 0x00000000e0f80000)
  object space 64512K, 26% used [0x00000000a2e00000,0x00000000a3ece300,0x00000000a6d00000)
 Metaspace       used 5490K, capacity 5666K, committed 5888K, reserved 1056768K
  class space    used 612K, capacity 695K, committed 768K, reserved 1048576K
Event: 27673.096 GC heap after
Heap after GC invocations=52173 (full 26086):
 PSYoungGen      total 28160K, used 160K [0x00000000e0f80000, 0x00000000e2e80000, 0x0000000100000000)
  eden space 24576K, 0% used [0x00000000e0f80000,0x00000000e0f80000,0x00000000e2780000)
  from space 3584K, 4% used [0x00000000e2780000,0x00000000e27a8000,0x00000000e2b00000)
  to   space 3584K, 0% used [0x00000000e2b00000,0x00000000e2b00000,0x00000000e2e80000)
 ParOldGen       total 64512K, used 17208K [0x00000000a2e00000, 0x00000000a6d00000, 0x00000000e0f80000)
  object space 64512K, 26% used [0x00000000a2e00000,0x00000000a3ece300,0x00000000a6d00000)
 Metaspace       used 5490K, capacity 5666K, committed 5888K, reserved 1056768K
  class space    used 612K, capacity 695K, committed 768K, reserved 1048576K
}
Event: 27673.096 GC heap before
{Heap before GC invocations=52174 (full 26087):
 PSYoungGen      total 28160K, used 160K [0x00000000e0f80000, 0x00000000e2e80000, 0x0000000100000000)
  eden space 24576K, 0% used [0x00000000e0f80000,0x00000000e0f80000,0x00000000e2780000)
  from space 3584K, 4% used [0x00000000e2780000,0x00000000e27a8000,0x00000000e2b00000)
  to   space 3584K, 0% used [0x00000000e2b00000,0x00000000e2b00000,0x00000000e2e80000)
 ParOldGen       total 64512K, used 17208K [0x00000000a2e00000, 0x00000000a6d00000, 0x00000000e0f80000)
  object space 64512K, 26% used [0x00000000a2e00000,0x00000000a3ece300,0x00000000a6d00000)
 Metaspace       used 5490K, capacity 5666K, committed 5888K, reserved 1056768K
  class space    used 612K, capacity 695K, committed 768K, reserved 1048576K
Event: 27673.109 GC heap after
Heap after GC invocations=52174 (full 26087):
 PSYoungGen      total 28160K, used 0K [0x00000000e0f80000, 0x00000000e2e80000, 0x0000000100000000)
  eden space 24576K, 0% used [0x00000000e0f80000,0x00000000e0f80000,0x00000000e2780000)
  from space 3584K, 0% used [0x00000000e2780000,0x00000000e2780000,0x00000000e2b00000)
  to   space 3584K, 0% used [0x00000000e2b00000,0x00000000e2b00000,0x00000000e2e80000)
 ParOldGen       total 64512K, used 17227K [0x00000000a2e00000, 0x00000000a6d00000, 0x00000000e0f80000)
  object space 64512K, 26% used [0x00000000a2e00000,0x00000000a3ed2db8,0x00000000a6d00000)
 Metaspace       used 5490K, capacity 5666K, committed 5888K, reserved 1056768K
  class space    used 612K, capacity 695K, committed 768K, reserved 1048576K
}
Event: 27673.109 GC heap before
{Heap before GC invocations=52175 (full 26087):
 PSYoungGen      total 28160K, used 245K [0x00000000e0f80000, 0x00000000e2e80000, 0x0000000100000000)
  eden space 24576K, 1% used [0x00000000e0f80000,0x00000000e0fbd738,0x00000000e2780000)
  from space 3584K, 0% used [0x00000000e2780000,0x00000000e2780000,0x00000000e2b00000)
  to   space 3584K, 0% used [0x00000000e2b00000,0x00000000e2b00000,0x00000000e2e80000)
 ParOldGen       total 64512K, used 17227K [0x00000000a2e00000, 0x00000000a6d00000, 0x00000000e0f80000)
  object space 64512K, 26% used [0x00000000a2e00000,0x00000000a3ed2db8,0x00000000a6d00000)
 Metaspace       used 5490K, capacity 5666K, committed 5888K, reserved 1056768K
  class space    used 612K, capacity 695K, committed 768K, reserved 1048576K
Event: 27673.110 GC heap after
Heap after GC invocations=52175 (full 26087):
 PSYoungGen      total 28160K, used 32K [0x00000000e0f80000, 0x00000000e2e80000, 0x0000000100000000)
  eden space 24576K, 0% used [0x00000000e0f80000,0x00000000e0f80000,0x00000000e2780000)
  from space 3584K, 0% used [0x00000000e2b00000,0x00000000e2b08000,0x00000000e2e80000)
  to   space 3584K, 0% used [0x00000000e2780000,0x00000000e2780000,0x00000000e2b00000)
 ParOldGen       total 64512K, used 17227K [0x00000000a2e00000, 0x00000000a6d00000, 0x00000000e0f80000)
  object space 64512K, 26% used [0x00000000a2e00000,0x00000000a3ed2db8,0x00000000a6d00000)
 Metaspace       used 5490K, capacity 5666K, committed 5888K, reserved 1056768K
  class space    used 612K, capacity 695K, committed 768K, reserved 1048576K
}
Event: 27673.110 GC heap before
{Heap before GC invocations=52176 (full 26088):
 PSYoungGen      total 28160K, used 32K [0x00000000e0f80000, 0x00000000e2e80000, 0x0000000100000000)
  eden space 24576K, 0% used [0x00000000e0f80000,0x00000000e0f80000,0x00000000e2780000)
  from space 3584K, 0% used [0x00000000e2b00000,0x00000000e2b08000,0x00000000e2e80000)
  to   space 3584K, 0% used [0x00000000e2780000,0x00000000e2780000,0x00000000e2b00000)
 ParOldGen       total 64512K, used 17227K [0x00000000a2e00000, 0x00000000a6d00000, 0x00000000e0f80000)
  object space 64512K, 26% used [0x00000000a2e00000,0x00000000a3ed2db8,0x00000000a6d00000)
 Metaspace       used 5490K, capacity 5666K, committed 5888K, reserved 1056768K
  class space    used 612K, capacity 695K, committed 768K, reserved 1048576K
Event: 27673.118 GC heap after
Heap after GC invocations=52176 (full 26088):
 PSYoungGen      total 28160K, used 0K [0x00000000e0f80000, 0x00000000e2e80000, 0x0000000100000000)
  eden space 24576K, 0% used [0x00000000e0f80000,0x00000000e0f80000,0x00000000e2780000)
  from space 3584K, 0% used [0x00000000e2b00000,0x00000000e2b00000,0x00000000e2e80000)
  to   space 3584K, 0% used [0x00000000e2780000,0x00000000e2780000,0x00000000e2b00000)
 ParOldGen       total 64512K, used 17227K [0x00000000a2e00000, 0x00000000a6d00000, 0x00000000e0f80000)
  object space 64512K, 26% used [0x00000000a2e00000,0x00000000a3ed2cd8,0x00000000a6d00000)
 Metaspace       used 5490K, capacity 5666K, committed 5888K, reserved 1056768K
  class space    used 612K, capacity 695K, committed 768K, reserved 1048576K
}

