# JRE version: Java(TM) SE Runtime Environment (8.0_191-b12) (build 1.8.0_191-b12)
# Java VM: Java HotSpot(TM) 64-Bit Server VM (25.191-b12 mixed mode linux-amd64 compressed oops)
Heap:
 PSYoungGen      total 28160K, used 8343K [0x00000000e0f80000, 0x00000000e2e80000, 0x0000000100000000)
  eden space 24576K, 33% used [0x00000000e0f80000,0x00000000e179de00,0x00000000e2780000)
  from space 3584K, 0% used [0x00000000e2780000,0x00000000e2788000,0x00000000e2b00000)
  to   space 3584K, 0% used [0x00000000e2b00000,0x00000000e2b00000,0x00000000e2e80000)
 ParOldGen       total 64512K, used 9015K [0x00000000a2e00000, 0x00000000a6d00000, 0x00000000e0f80000)
  object space 64512K, 13% used [0x00000000a2e00000,0x00000000a36cdc40,0x00000000a6d00000)
 Metaspace       used 5522K, capacity 5704K, committed 5888K, reserved 1056768K
  class space    used 612K, capacity 702K, committed 768K, reserved 1048576K
GC Heap History (10 events):
Event: 79761.777 GC heap before
{Heap before GC invocations=149705 (full 74852):
 PSYoungGen      total 28160K, used 491K [0x00000000e0f80000, 0x00000000e2e80000, 0x0000000100000000)
  eden space 24576K, 2% used [0x00000000e0f80000,0x00000000e0ffae40,0x00000000e2780000)
  from space 3584K, 0% used [0x00000000e2b00000,0x00000000e2b00000,0x00000000e2e80000)
  to   space 3584K, 0% used [0x00000000e2780000,0x00000000e2780000,0x00000000e2b00000)
 ParOldGen       total 64512K, used 823K [0x00000000a2e00000, 0x00000000a6d00000, 0x00000000e0f80000)
  object space 64512K, 1% used [0x00000000a2e00000,0x00000000a2ecdc30,0x00000000a6d00000)
 Metaspace       used 5459K, capacity 5592K, committed 5888K, reserved 1056768K
  class space    used 607K, capacity 694K, committed 768K, reserved 1048576K
Event: 79761.778 GC heap after
Heap after GC invocations=149705 (full 74852):
 PSYoungGen      total 28160K, used 32K [0x00000000e0f80000, 0x00000000e2e80000, 0x0000000100000000)
  eden space 24576K, 0% used [0x00000000e0f80000,0x00000000e0f80000,0x00000000e2780000)
  from space 3584K, 0% used [0x00000000e2780000,0x00000000e2788000,0x00000000e2b00000)
  to   space 3584K, 0% used [0x00000000e2b00000,0x00000000e2b00000,0x00000000e2e80000)
 ParOldGen       total 64512K, used 823K [0x00000000a2e00000, 0x00000000a6d00000, 0x00000000e0f80000)
  object space 64512K, 1% used [0x00000000a2e00000,0x00000000a2ecdc30,0x00000000a6d00000)
 Metaspace       used 5459K, capacity 5592K, committed 5888K, reserved 1056768K
  class space    used 607K, capacity 694K, committed 768K, reserved 1048576K
}
Event: 79761.778 GC heap before
{Heap before GC invocations=149706 (full 74853):
 PSYoungGen      total 28160K, used 32K [0x00000000e0f80000, 0x00000000e2e80000, 0x0000000100000000)
  eden space 24576K, 0% used [0x00000000e0f80000,0x00000000e0f80000,0x00000000e2780000)
  from space 3584K, 0% used [0x00000000e2780000,0x00000000e2788000,0x00000000e2b00000)
  to   space 3584K, 0% used [0x00000000e2b00000,0x00000000e2b00000,0x00000000e2e80000)
 ParOldGen       total 64512K, used 823K [0x00000000a2e00000, 0x00000000a6d00000, 0x00000000e0f80000)
  object space 64512K, 1% used [0x00000000a2e00000,0x00000000a2ecdc30,0x00000000a6d00000)
 Metaspace       used 5459K, capacity 5592K, committed 5888K, reserved 1056768K
  class space    used 607K, capacity 694K, committed 768K, reserved 1048576K
Event: 79761.789 GC heap after
Heap after GC invocations=149706 (full 74853):
 PSYoungGen      total 28160K, used 0K [0x00000000e0f80000, 0x00000000e2e80000, 0x0000000100000000)
  eden space 24576K, 0% used [0x00000000e0f80000,0x00000000e0f80000,0x00000000e2780000)
  from space 3584K, 0% used [0x00000000e2780000,0x00000000e2780000,0x00000000e2b00000)
  to   space 3584K, 0% used [0x00000000e2b00000,0x00000000e2b00000,0x00000000e2e80000)
 ParOldGen       total 64512K, used 823K [0x00000000a2e00000, 0x00000000a6d00000, 0x00000000e0f80000)
  object space 64512K, 1% used [0x00000000a2e00000,0x00000000a2ecdd10,0x00000000a6d00000)
 Metaspace       used 5459K, capacity 5592K, committed 5888K, reserved 1056768K
  class space    used 607K, capacity 694K, committed 768K, reserved 1048576K
}
Event: 79761.789 GC heap before
{Heap before GC invocations=149707 (full 74853):
 PSYoungGen      total 28160K, used 491K [0x00000000e0f80000, 0x00000000e2e80000, 0x0000000100000000)
  eden space 24576K, 2% used [0x00000000e0f80000,0x00000000e0ffae40,0x00000000e2780000)
  from space 3584K, 0% used [0x00000000e2780000,0x00000000e2780000,0x00000000e2b00000)
  to   space 3584K, 0% used [0x00000000e2b00000,0x00000000e2b00000,0x00000000e2e80000)
 ParOldGen       total 64512K, used 823K [0x00000000a2e00000, 0x00000000a6d00000, 0x00000000e0f80000)
  object space 64512K, 1% used [0x00000000a2e00000,0x00000000a2ecdd10,0x00000000a6d00000)
 Metaspace       used 5459K, capacity 5592K, committed 5888K, reserved 1056768K
  class space    used 607K, capacity 694K, committed 768K, reserved 1048576K
Event: 79761.791 GC heap after
Heap after GC invocations=149707 (full 74853):
 PSYoungGen      total 28160K, used 32K [0x00000000e0f80000, 0x00000000e2e80000, 0x0000000100000000)
  eden space 24576K, 0% used [0x00000000e0f80000,0x00000000e0f80000,0x00000000e2780000)
  from space 3584K, 0% used [0x00000000e2b00000,0x00000000e2b08000,0x00000000e2e80000)
  to   space 3584K, 0% used [0x00000000e2780000,0x00000000e2780000,0x00000000e2b00000)
 ParOldGen       total 64512K, used 823K [0x00000000a2e00000, 0x00000000a6d00000, 0x00000000e0f80000)
  object space 64512K, 1% used [0x00000000a2e00000,0x00000000a2ecdd10,0x00000000a6d00000)
 Metaspace       used 5459K, capacity 5592K, committed 5888K, reserved 1056768K
  class space    used 607K, capacity 694K, committed 768K, reserved 1048576K
}
Event: 79761.791 GC heap before
{Heap before GC invocations=149708 (full 74854):
 PSYoungGen      total 28160K, used 32K [0x00000000e0f80000, 0x00000000e2e80000, 0x0000000100000000)
  eden space 24576K, 0% used [0x00000000e0f80000,0x00000000e0f80000,0x00000000e2780000)
  from space 3584K, 0% used [0x00000000e2b00000,0x00000000e2b08000,0x00000000e2e80000)
  to   space 3584K, 0% used [0x00000000e2780000,0x00000000e2780000,0x00000000e2b00000)
 ParOldGen       total 64512K, used 823K [0x00000000a2e00000, 0x00000000a6d00000, 0x00000000e0f80000)
  object space 64512K, 1% used [0x00000000a2e00000,0x00000000a2ecdd10,0x00000000a6d00000)
 Metaspace       used 5459K, capacity 5592K, committed 5888K, reserved 1056768K
  class space    used 607K, capacity 694K, committed 768K, reserved 1048576K
Event: 79761.810 GC heap after
Heap after GC invocations=149708 (full 74854):
 PSYoungGen      total 28160K, used 0K [0x00000000e0f80000, 0x00000000e2e80000, 0x0000000100000000)
  eden space 24576K, 0% used [0x00000000e0f80000,0x00000000e0f80000,0x00000000e2780000)
  from space 3584K, 0% used [0x00000000e2b00000,0x00000000e2b00000,0x00000000e2e80000)
  to   space 3584K, 0% used [0x00000000e2780000,0x00000000e2780000,0x00000000e2b00000)
 ParOldGen       total 64512K, used 823K [0x00000000a2e00000, 0x00000000a6d00000, 0x00000000e0f80000)
  object space 64512K, 1% used [0x00000000a2e00000,0x00000000a2ecdc30,0x00000000a6d00000)
 Metaspace       used 5459K, capacity 5592K, committed 5888K, reserved 1056768K
  class space    used 607K, capacity 694K, committed 768K, reserved 1048576K
}
Event: 79762.636 GC heap before
{Heap before GC invocations=149709 (full 74854):
 PSYoungGen      total 28160K, used 17602K [0x00000000e0f80000, 0x00000000e2e80000, 0x0000000100000000)
  eden space 24576K, 71% used [0x00000000e0f80000,0x00000000e20b0ae8,0x00000000e2780000)
  from space 3584K, 0% used [0x00000000e2b00000,0x00000000e2b00000,0x00000000e2e80000)
  to   space 3584K, 0% used [0x00000000e2780000,0x00000000e2780000,0x00000000e2b00000)
 ParOldGen       total 64512K, used 823K [0x00000000a2e00000, 0x00000000a6d00000, 0x00000000e0f80000)
  object space 64512K, 1% used [0x00000000a2e00000,0x00000000a2ecdc30,0x00000000a6d00000)
 Metaspace       used 5471K, capacity 5662K, committed 5888K, reserved 1056768K
  class space    used 608K, capacity 695K, committed 768K, reserved 1048576K
Event: 79762.645 GC heap after
Heap after GC invocations=149709 (full 74854):
 PSYoungGen      total 28160K, used 32K [0x00000000e0f80000, 0x00000000e2e80000, 0x0000000100000000)
  eden space 24576K, 0% used [0x00000000e0f80000,0x00000000e0f80000,0x00000000e2780000)
  from space 3584K, 0% used [0x00000000e2780000,0x00000000e2788000,0x00000000e2b00000)
  to   space 3584K, 0% used [0x00000000e2b00000,0x00000000e2b00000,0x00000000e2e80000)
 ParOldGen       total 64512K, used 9015K [0x00000000a2e00000, 0x00000000a6d00000, 0x00000000e0f80000)
  object space 64512K, 13% used [0x00000000a2e00000,0x00000000a36cdc40,0x00000000a6d00000)
 Metaspace       used 5471K, capacity 5662K, committed 5888K, reserved 1056768K
  class space    used 608K, capacity 695K, committed 768K, reserved 1048576K
}

